11231	.
8128	./.git
8092	./.git/objects
2902	./.snippets/github.com
2902	./.snippets
2375	./.git/objects/pack
357	./.snippets/github.com/heridev/gophergala_repositories
357	./.snippets/github.com/heridev
309	./.snippets/github.com/kkkmmu/useful_script
309	./.snippets/github.com/kkkmmu
299	./.snippets/github.com/kkkmmu/useful_script/golang
217	./.snippets/github.com/kkkmmu/useful_script/golang/stock
216	./.snippets/github.com/kkkmmu/useful_script/golang/stock/asset
200	./.snippets/github.com/minus5/examples-services
200	./.snippets/github.com/minus5
181	./.snippets/github.com/sniperkit
156	./.snippets/github.com/digipres/digipres.github.io
156	./.snippets/github.com/digipres
149	./.snippets/github.com/digipres/digipres.github.io/_sources/registries
149	./.snippets/github.com/digipres/digipres.github.io/_sources
148	./.snippets/github.com/porter-io/tag-github
148	./.snippets/github.com/porter-io
146	./.snippets/github.com/porter-io/tag-github/repos
135	./.snippets/github.com/sniperkit/viz
129	./.aggregators/github.com/wowdd1/xlinkBook
129	./.aggregators/github.com/wowdd1
129	./.aggregators/github.com
129	./.aggregators
107	./.snippets/github.com/GoodGun/gotalks
107	./.snippets/github.com/GoodGun
102	./.snippets/github.com/astaxie
101	./.snippets/github.com/astaxie/build-web-application-with-golang
95	./.snippets/github.com/rajatchopra/ose-contiv
95	./.snippets/github.com/rajatchopra
93	./.snippets/github.com/sniperkit/viz/githubstats/data
93	./.snippets/github.com/sniperkit/viz/githubstats
90	./.snippets/github.com/rajatchopra/ose-contiv/contiv_bin
90	./.snippets/github.com/maikeulb/go-playground
90	./.snippets/github.com/maikeulb
83	./.snippets/github.com/GoodGun/gotalks/bin
82	./.snippets/github.com/digipres/digipres.github.io/_sources/registries/pronom
73	./.snippets/github.com/heridev/gophergala_repositories/Gevvent/services
73	./.snippets/github.com/heridev/gophergala_repositories/Gevvent
71	./.snippets/github.com/vmarkovtsev/CodeNeuron
71	./.snippets/github.com/vmarkovtsev
69	./.snippets/github.com/digipres/digipres.github.io/_sources/registries/pronom/binsigs
66	./.snippets/github.com/usametov/gitmarks
66	./.snippets/github.com/usametov
63	./.snippets/github.com/ctava
63	./.snippets/github.com/bblfsh
